{
  "uid" : "6a8e28967af8d3d5",
  "name" : "Basic order",
  "fullName" : "tests.test_case1#test_case1",
  "historyId" : "01ccce76c65e8c115f693828e808eb28",
  "time" : {
    "start" : 1599168211659,
    "stop" : 1599168227448,
    "duration" : 15789
  },
  "status" : "broken",
  "statusMessage" : "Exception: An exception of type TimeoutException occurred. With Element -: address",
  "statusTrace" : "self = <framework.ui.checkout_page.CheckoutPage object at 0x10c5a74f0>, loc = 'address'\n\n    def __getattr__(self, loc):\n    \n        if loc in self.locators.keys():\n            self.locators[loc] = list(self.locators[loc])\n            self.locators[loc][0] = self.TYPE_OF_LOCATORS[self.locators[loc][0].lower()]\n            self.locators[loc] = tuple(self.locators[loc])\n            try:\n>               element = WebDriverWait(self.driver, self.timeout).until(\n                    EC.presence_of_element_located(self.locators[loc])\n                )\n\nvenv/lib/python3.8/site-packages/seleniumpagefactory/Pagefactory.py:41: \n_ _ _ _ _ _ _ _ _ _ _ _ _ _ _ _ _ _ _ _ _ _ _ _ _ _ _ _ _ _ _ _ _ _ _ _ _ _ _ _ _ _ _ _ _ _ _ _ _ _ _ _ _ _ _ _ _ _ _ _ _ _ _ _ _ _ _ _ _ _ _ _ _ _ _ _ _ _ _ _ _ _ _ _ _ _ _ _ _ _ _ _ _ _ _ _ _ _ _ _ _ _ _ _ _ _ _ _ _ _ _ _ _ _ _ _ \n\nself = <selenium.webdriver.support.wait.WebDriverWait (session=\"7b27a7fc-48aa-a642-a404-879e11fe01c3\")>, method = <selenium.webdriver.support.expected_conditions.presence_of_element_located object at 0x10c670400>, message = ''\n\n    def until(self, method, message=''):\n        \"\"\"Calls the method provided with the driver as an argument until the \\\n        return value is not False.\"\"\"\n        screen = None\n        stacktrace = None\n    \n        end_time = time.time() + self._timeout\n        while True:\n            try:\n                value = method(self._driver)\n                if value:\n                    return value\n            except self._ignored_exceptions as exc:\n                screen = getattr(exc, 'screen', None)\n                stacktrace = getattr(exc, 'stacktrace', None)\n            time.sleep(self._poll)\n            if time.time() > end_time:\n                break\n>       raise TimeoutException(message, screen, stacktrace)\nE       selenium.common.exceptions.TimeoutException: Message:\n\nvenv/lib/python3.8/site-packages/selenium/webdriver/support/wait.py:80: TimeoutException\n\nDuring handling of the above exception, another exception occurred:\n\ndriver = <selenium.webdriver.firefox.webdriver.WebDriver (session=\"7b27a7fc-48aa-a642-a404-879e11fe01c3\")>\n\n    @allure.title('Basic order')\n    def test_case1(driver):\n        with allure.step('Open homepage and setup address'):\n            driver.get('https://www.thuisbezorgd.nl/en/')\n            home_page = HomePage(driver)\n            home_page.address_field.click()\n            home_page.address_field.clear_text()\n            home_page.address_field.send_keys('8888')\n            home_page.wait_until_present(home_page.post_code)\n            home_page.post_code.click()\n            home_page.wait_until_present(home_page.post_code_alpha)\n            home_page.post_code_alpha.click()\n            home_page.wait_until_url(\n                \"https://www.thuisbezorgd.nl/en/order-takeaway-8888-alpha?search\")\n    \n        with allure.step('Choose a restaurant'):\n            restr_page = RestaurantsPage(driver)\n            restr_page.wait_until_text_in_element((By.XPATH, \"//*[@class='topbar__title-container']/button\"),'8888-alpha')\n            assert restr_page.top_bar_post_code.text == '8888-alpha'\n            restr_page.search_restaurants_field.set_text('TEST Restaurant Selenium')\n            driver.get_screenshot_as_file('screen1.png')\n            restr_page.wait_until_present(restr_page.first_restaurant)\n            restr_page.first_restaurant.click()\n        with allure.step('Choose a dish from the menu'):\n            menu_page = MenuPage(driver)\n            menu_page.first_menu_option.click()\n            menu_page.order_button.click()\n        with allure.step('Make a chekout'):\n            checkout_page = CheckoutPage(driver)\n            driver.get_screenshot_as_file('screen2.png')\n>           checkout_page.wait_until_present(checkout_page.address)\n\ntests/test_case1.py:43: \n_ _ _ _ _ _ _ _ _ _ _ _ _ _ _ _ _ _ _ _ _ _ _ _ _ _ _ _ _ _ _ _ _ _ _ _ _ _ _ _ _ _ _ _ _ _ _ _ _ _ _ _ _ _ _ _ _ _ _ _ _ _ _ _ _ _ _ _ _ _ _ _ _ _ _ _ _ _ _ _ _ _ _ _ _ _ _ _ _ _ _ _ _ _ _ _ _ _ _ _ _ _ _ _ _ _ _ _ _ _ _ _ _ _ _ _ \n\nself = <framework.ui.checkout_page.CheckoutPage object at 0x10c5a74f0>, loc = 'address'\n\n    def __getattr__(self, loc):\n    \n        if loc in self.locators.keys():\n            self.locators[loc] = list(self.locators[loc])\n            self.locators[loc][0] = self.TYPE_OF_LOCATORS[self.locators[loc][0].lower()]\n            self.locators[loc] = tuple(self.locators[loc])\n            try:\n                element = WebDriverWait(self.driver, self.timeout).until(\n                    EC.presence_of_element_located(self.locators[loc])\n                )\n            except (StaleElementReferenceException, NoSuchElementException, TimeoutException) as e:\n>               raise Exception(\"An exception of type \" + type(e).__name__ + \" occurred. With Element -: \" + loc)\nE               Exception: An exception of type TimeoutException occurred. With Element -: address\n\nvenv/lib/python3.8/site-packages/seleniumpagefactory/Pagefactory.py:45: Exception",
  "flaky" : false,
  "newFailed" : false,
  "beforeStages" : [ {
    "name" : "driver",
    "time" : {
      "start" : 1599168208360,
      "stop" : 1599168211658,
      "duration" : 3298
    },
    "status" : "passed",
    "steps" : [ ],
    "attachments" : [ ],
    "parameters" : [ ],
    "stepsCount" : 0,
    "attachmentsCount" : 0,
    "shouldDisplayMessage" : false,
    "hasContent" : false
  } ],
  "testStage" : {
    "status" : "broken",
    "statusMessage" : "Exception: An exception of type TimeoutException occurred. With Element -: address",
    "statusTrace" : "self = <framework.ui.checkout_page.CheckoutPage object at 0x10c5a74f0>, loc = 'address'\n\n    def __getattr__(self, loc):\n    \n        if loc in self.locators.keys():\n            self.locators[loc] = list(self.locators[loc])\n            self.locators[loc][0] = self.TYPE_OF_LOCATORS[self.locators[loc][0].lower()]\n            self.locators[loc] = tuple(self.locators[loc])\n            try:\n>               element = WebDriverWait(self.driver, self.timeout).until(\n                    EC.presence_of_element_located(self.locators[loc])\n                )\n\nvenv/lib/python3.8/site-packages/seleniumpagefactory/Pagefactory.py:41: \n_ _ _ _ _ _ _ _ _ _ _ _ _ _ _ _ _ _ _ _ _ _ _ _ _ _ _ _ _ _ _ _ _ _ _ _ _ _ _ _ _ _ _ _ _ _ _ _ _ _ _ _ _ _ _ _ _ _ _ _ _ _ _ _ _ _ _ _ _ _ _ _ _ _ _ _ _ _ _ _ _ _ _ _ _ _ _ _ _ _ _ _ _ _ _ _ _ _ _ _ _ _ _ _ _ _ _ _ _ _ _ _ _ _ _ _ \n\nself = <selenium.webdriver.support.wait.WebDriverWait (session=\"7b27a7fc-48aa-a642-a404-879e11fe01c3\")>, method = <selenium.webdriver.support.expected_conditions.presence_of_element_located object at 0x10c670400>, message = ''\n\n    def until(self, method, message=''):\n        \"\"\"Calls the method provided with the driver as an argument until the \\\n        return value is not False.\"\"\"\n        screen = None\n        stacktrace = None\n    \n        end_time = time.time() + self._timeout\n        while True:\n            try:\n                value = method(self._driver)\n                if value:\n                    return value\n            except self._ignored_exceptions as exc:\n                screen = getattr(exc, 'screen', None)\n                stacktrace = getattr(exc, 'stacktrace', None)\n            time.sleep(self._poll)\n            if time.time() > end_time:\n                break\n>       raise TimeoutException(message, screen, stacktrace)\nE       selenium.common.exceptions.TimeoutException: Message:\n\nvenv/lib/python3.8/site-packages/selenium/webdriver/support/wait.py:80: TimeoutException\n\nDuring handling of the above exception, another exception occurred:\n\ndriver = <selenium.webdriver.firefox.webdriver.WebDriver (session=\"7b27a7fc-48aa-a642-a404-879e11fe01c3\")>\n\n    @allure.title('Basic order')\n    def test_case1(driver):\n        with allure.step('Open homepage and setup address'):\n            driver.get('https://www.thuisbezorgd.nl/en/')\n            home_page = HomePage(driver)\n            home_page.address_field.click()\n            home_page.address_field.clear_text()\n            home_page.address_field.send_keys('8888')\n            home_page.wait_until_present(home_page.post_code)\n            home_page.post_code.click()\n            home_page.wait_until_present(home_page.post_code_alpha)\n            home_page.post_code_alpha.click()\n            home_page.wait_until_url(\n                \"https://www.thuisbezorgd.nl/en/order-takeaway-8888-alpha?search\")\n    \n        with allure.step('Choose a restaurant'):\n            restr_page = RestaurantsPage(driver)\n            restr_page.wait_until_text_in_element((By.XPATH, \"//*[@class='topbar__title-container']/button\"),'8888-alpha')\n            assert restr_page.top_bar_post_code.text == '8888-alpha'\n            restr_page.search_restaurants_field.set_text('TEST Restaurant Selenium')\n            driver.get_screenshot_as_file('screen1.png')\n            restr_page.wait_until_present(restr_page.first_restaurant)\n            restr_page.first_restaurant.click()\n        with allure.step('Choose a dish from the menu'):\n            menu_page = MenuPage(driver)\n            menu_page.first_menu_option.click()\n            menu_page.order_button.click()\n        with allure.step('Make a chekout'):\n            checkout_page = CheckoutPage(driver)\n            driver.get_screenshot_as_file('screen2.png')\n>           checkout_page.wait_until_present(checkout_page.address)\n\ntests/test_case1.py:43: \n_ _ _ _ _ _ _ _ _ _ _ _ _ _ _ _ _ _ _ _ _ _ _ _ _ _ _ _ _ _ _ _ _ _ _ _ _ _ _ _ _ _ _ _ _ _ _ _ _ _ _ _ _ _ _ _ _ _ _ _ _ _ _ _ _ _ _ _ _ _ _ _ _ _ _ _ _ _ _ _ _ _ _ _ _ _ _ _ _ _ _ _ _ _ _ _ _ _ _ _ _ _ _ _ _ _ _ _ _ _ _ _ _ _ _ _ \n\nself = <framework.ui.checkout_page.CheckoutPage object at 0x10c5a74f0>, loc = 'address'\n\n    def __getattr__(self, loc):\n    \n        if loc in self.locators.keys():\n            self.locators[loc] = list(self.locators[loc])\n            self.locators[loc][0] = self.TYPE_OF_LOCATORS[self.locators[loc][0].lower()]\n            self.locators[loc] = tuple(self.locators[loc])\n            try:\n                element = WebDriverWait(self.driver, self.timeout).until(\n                    EC.presence_of_element_located(self.locators[loc])\n                )\n            except (StaleElementReferenceException, NoSuchElementException, TimeoutException) as e:\n>               raise Exception(\"An exception of type \" + type(e).__name__ + \" occurred. With Element -: \" + loc)\nE               Exception: An exception of type TimeoutException occurred. With Element -: address\n\nvenv/lib/python3.8/site-packages/seleniumpagefactory/Pagefactory.py:45: Exception",
    "steps" : [ {
      "name" : "Open homepage and setup address",
      "time" : {
        "start" : 1599168211660,
        "stop" : 1599168215193,
        "duration" : 3533
      },
      "status" : "passed",
      "steps" : [ ],
      "attachments" : [ ],
      "parameters" : [ ],
      "stepsCount" : 0,
      "attachmentsCount" : 0,
      "shouldDisplayMessage" : false,
      "hasContent" : false
    }, {
      "name" : "Choose a restaurant",
      "time" : {
        "start" : 1599168215193,
        "stop" : 1599168216622,
        "duration" : 1429
      },
      "status" : "passed",
      "steps" : [ ],
      "attachments" : [ ],
      "parameters" : [ ],
      "stepsCount" : 0,
      "attachmentsCount" : 0,
      "shouldDisplayMessage" : false,
      "hasContent" : false
    }, {
      "name" : "Choose a dish from the menu",
      "time" : {
        "start" : 1599168216622,
        "stop" : 1599168217171,
        "duration" : 549
      },
      "status" : "passed",
      "steps" : [ ],
      "attachments" : [ ],
      "parameters" : [ ],
      "stepsCount" : 0,
      "attachmentsCount" : 0,
      "shouldDisplayMessage" : false,
      "hasContent" : false
    }, {
      "name" : "Make a chekout",
      "time" : {
        "start" : 1599168217171,
        "stop" : 1599168227446,
        "duration" : 10275
      },
      "status" : "broken",
      "statusMessage" : "Exception: An exception of type TimeoutException occurred. With Element -: address\n",
      "statusTrace" : "  File \"/Users/aigulgabi/PycharmProjects/takeAwayAssignment/tests/test_case1.py\", line 43, in test_case1\n    checkout_page.wait_until_present(checkout_page.address)\n  File \"/Users/aigulgabi/PycharmProjects/takeAwayAssignment/venv/lib/python3.8/site-packages/seleniumpagefactory/Pagefactory.py\", line 45, in __getattr__\n    raise Exception(\"An exception of type \" + type(e).__name__ + \" occurred. With Element -: \" + loc)\n",
      "steps" : [ ],
      "attachments" : [ ],
      "parameters" : [ ],
      "stepsCount" : 0,
      "attachmentsCount" : 0,
      "shouldDisplayMessage" : true,
      "hasContent" : true
    } ],
    "attachments" : [ {
      "uid" : "479b388b8ad34921",
      "name" : "log",
      "source" : "479b388b8ad34921.txt",
      "type" : "text/plain",
      "size" : 126
    }, {
      "uid" : "32bc3adb30adf4c4",
      "name" : "stderr",
      "source" : "32bc3adb30adf4c4.txt",
      "type" : "text/plain",
      "size" : 100
    } ],
    "parameters" : [ ],
    "stepsCount" : 4,
    "attachmentsCount" : 2,
    "shouldDisplayMessage" : true,
    "hasContent" : true
  },
  "afterStages" : [ {
    "name" : "driver::1",
    "time" : {
      "start" : 1599168227538,
      "stop" : 1599168227538,
      "duration" : 0
    },
    "status" : "passed",
    "steps" : [ ],
    "attachments" : [ ],
    "parameters" : [ ],
    "stepsCount" : 0,
    "attachmentsCount" : 0,
    "shouldDisplayMessage" : false,
    "hasContent" : false
  }, {
    "name" : "driver::tear_down",
    "time" : {
      "start" : 1599168227538,
      "stop" : 1599168227920,
      "duration" : 382
    },
    "status" : "passed",
    "steps" : [ ],
    "attachments" : [ ],
    "parameters" : [ ],
    "stepsCount" : 0,
    "attachmentsCount" : 0,
    "shouldDisplayMessage" : false,
    "hasContent" : false
  } ],
  "labels" : [ {
    "name" : "parentSuite",
    "value" : "tests"
  }, {
    "name" : "suite",
    "value" : "test_case1"
  }, {
    "name" : "host",
    "value" : "MacBook-Pro-AigulGabi.local"
  }, {
    "name" : "thread",
    "value" : "89973-MainThread"
  }, {
    "name" : "framework",
    "value" : "pytest"
  }, {
    "name" : "language",
    "value" : "cpython3"
  }, {
    "name" : "package",
    "value" : "tests.test_case1"
  }, {
    "name" : "resultFormat",
    "value" : "allure2"
  } ],
  "parameters" : [ ],
  "links" : [ ],
  "hidden" : true,
  "retry" : true,
  "extra" : {
    "categories" : [ ],
    "tags" : [ ]
  },
  "source" : "6a8e28967af8d3d5.json",
  "parameterValues" : [ ]
}