{
  "uid" : "7236baed71d631d6",
  "name" : "Basic order",
  "fullName" : "tests.test_case1#test_case1",
  "historyId" : "01ccce76c65e8c115f693828e808eb28",
  "time" : {
    "start" : 1599231676948,
    "stop" : 1599231705010,
    "duration" : 28062
  },
  "status" : "broken",
  "statusMessage" : "Exception: An exception of type TimeoutException occurred. With Element -: address",
  "statusTrace" : "self = <framework.ui.checkout_page.CheckoutPage object at 0x7fecd5f68400>\nloc = 'address'\n\n    def __getattr__(self, loc):\n    \n        if loc in self.locators.keys():\n            self.locators[loc] = list(self.locators[loc])\n            self.locators[loc][0] = self.TYPE_OF_LOCATORS[self.locators[loc][0].lower()]\n            self.locators[loc] = tuple(self.locators[loc])\n            try:\n                element = WebDriverWait(self.driver, self.timeout).until(\n>                   EC.presence_of_element_located(self.locators[loc])\n                )\n\n/opt/hostedtoolcache/Python/3.6.12/x64/lib/python3.6/site-packages/seleniumpagefactory/Pagefactory.py:42: \n_ _ _ _ _ _ _ _ _ _ _ _ _ _ _ _ _ _ _ _ _ _ _ _ _ _ _ _ _ _ _ _ _ _ _ _ _ _ _ _ \n\nself = <selenium.webdriver.support.wait.WebDriverWait (session=\"b50d70a0-a857-49e8-838e-11a2a6e978f5\")>\nmethod = <selenium.webdriver.support.expected_conditions.presence_of_element_located object at 0x7fecd5f60e80>\nmessage = ''\n\n    def until(self, method, message=''):\n        \"\"\"Calls the method provided with the driver as an argument until the \\\n        return value is not False.\"\"\"\n        screen = None\n        stacktrace = None\n    \n        end_time = time.time() + self._timeout\n        while True:\n            try:\n                value = method(self._driver)\n                if value:\n                    return value\n            except self._ignored_exceptions as exc:\n                screen = getattr(exc, 'screen', None)\n                stacktrace = getattr(exc, 'stacktrace', None)\n            time.sleep(self._poll)\n            if time.time() > end_time:\n                break\n>       raise TimeoutException(message, screen, stacktrace)\nE       selenium.common.exceptions.TimeoutException: Message:\n\n/opt/hostedtoolcache/Python/3.6.12/x64/lib/python3.6/site-packages/selenium/webdriver/support/wait.py:80: TimeoutException\n\nDuring handling of the above exception, another exception occurred:\n\ndriver = <selenium.webdriver.firefox.webdriver.WebDriver (session=\"b50d70a0-a857-49e8-838e-11a2a6e978f5\")>\n\n    @allure.title('Basic order')\n    def test_case1(driver):\n        with allure.step('Open homepage and setup address'):\n            driver.get('https://www.thuisbezorgd.nl/en/')\n            home_page = HomePage(driver)\n            home_page.address_field.click()\n            home_page.address_field.clear_text()\n            home_page.address_field.send_keys('8888')\n            home_page.wait_until_present(home_page.post_code)\n            home_page.post_code.click()\n            home_page.wait_until_present(home_page.post_code_alpha)\n            home_page.post_code_alpha.click()\n            home_page.wait_until_url(\n                \"https://www.thuisbezorgd.nl/en/order-takeaway-8888-alpha?search\")\n    \n        with allure.step('Choose a restaurant'):\n            restr_page = RestaurantsPage(driver)\n            restr_page.wait_until_text_in_element((By.XPATH, \"//*[@class='topbar__title-container']/button\"),'8888-alpha')\n            assert restr_page.top_bar_post_code.text == '8888-alpha'\n            restr_page.search_restaurants_field.set_text('TEST Restaurant Selenium')\n            restr_page.wait_until_present(restr_page.first_restaurant)\n            restr_page.first_restaurant.click()\n        with allure.step('Choose a dish from the menu'):\n            menu_page = MenuPage(driver)\n            menu_page.first_menu_option.click()\n            try:\n                if menu_page.side_dish.is_displayed():\n                    menu_page.add_value.is_displayed()\n                    menu_page.add_value.click()\n            except:\n                pass\n            menu_page.order_button.click()\n        with allure.step('Make a checkout'):\n            checkout_page = CheckoutPage(driver)\n>           checkout_page.wait_until_present(checkout_page.address)\n\ntests/test_case1.py:47: \n_ _ _ _ _ _ _ _ _ _ _ _ _ _ _ _ _ _ _ _ _ _ _ _ _ _ _ _ _ _ _ _ _ _ _ _ _ _ _ _ \n\nself = <framework.ui.checkout_page.CheckoutPage object at 0x7fecd5f68400>\nloc = 'address'\n\n    def __getattr__(self, loc):\n    \n        if loc in self.locators.keys():\n            self.locators[loc] = list(self.locators[loc])\n            self.locators[loc][0] = self.TYPE_OF_LOCATORS[self.locators[loc][0].lower()]\n            self.locators[loc] = tuple(self.locators[loc])\n            try:\n                element = WebDriverWait(self.driver, self.timeout).until(\n                    EC.presence_of_element_located(self.locators[loc])\n                )\n            except (StaleElementReferenceException, NoSuchElementException, TimeoutException) as e:\n>               raise Exception(\"An exception of type \" + type(e).__name__ + \" occurred. With Element -: \" + loc)\nE               Exception: An exception of type TimeoutException occurred. With Element -: address\n\n/opt/hostedtoolcache/Python/3.6.12/x64/lib/python3.6/site-packages/seleniumpagefactory/Pagefactory.py:45: Exception",
  "flaky" : false,
  "beforeStages" : [ {
    "name" : "driver",
    "time" : {
      "start" : 1599231672362,
      "stop" : 1599231676943,
      "duration" : 4581
    },
    "status" : "passed",
    "steps" : [ ],
    "attachments" : [ ],
    "parameters" : [ ],
    "stepsCount" : 0,
    "attachmentsCount" : 0,
    "shouldDisplayMessage" : false,
    "hasContent" : false
  } ],
  "testStage" : {
    "status" : "broken",
    "statusMessage" : "Exception: An exception of type TimeoutException occurred. With Element -: address",
    "statusTrace" : "self = <framework.ui.checkout_page.CheckoutPage object at 0x7fecd5f68400>\nloc = 'address'\n\n    def __getattr__(self, loc):\n    \n        if loc in self.locators.keys():\n            self.locators[loc] = list(self.locators[loc])\n            self.locators[loc][0] = self.TYPE_OF_LOCATORS[self.locators[loc][0].lower()]\n            self.locators[loc] = tuple(self.locators[loc])\n            try:\n                element = WebDriverWait(self.driver, self.timeout).until(\n>                   EC.presence_of_element_located(self.locators[loc])\n                )\n\n/opt/hostedtoolcache/Python/3.6.12/x64/lib/python3.6/site-packages/seleniumpagefactory/Pagefactory.py:42: \n_ _ _ _ _ _ _ _ _ _ _ _ _ _ _ _ _ _ _ _ _ _ _ _ _ _ _ _ _ _ _ _ _ _ _ _ _ _ _ _ \n\nself = <selenium.webdriver.support.wait.WebDriverWait (session=\"b50d70a0-a857-49e8-838e-11a2a6e978f5\")>\nmethod = <selenium.webdriver.support.expected_conditions.presence_of_element_located object at 0x7fecd5f60e80>\nmessage = ''\n\n    def until(self, method, message=''):\n        \"\"\"Calls the method provided with the driver as an argument until the \\\n        return value is not False.\"\"\"\n        screen = None\n        stacktrace = None\n    \n        end_time = time.time() + self._timeout\n        while True:\n            try:\n                value = method(self._driver)\n                if value:\n                    return value\n            except self._ignored_exceptions as exc:\n                screen = getattr(exc, 'screen', None)\n                stacktrace = getattr(exc, 'stacktrace', None)\n            time.sleep(self._poll)\n            if time.time() > end_time:\n                break\n>       raise TimeoutException(message, screen, stacktrace)\nE       selenium.common.exceptions.TimeoutException: Message:\n\n/opt/hostedtoolcache/Python/3.6.12/x64/lib/python3.6/site-packages/selenium/webdriver/support/wait.py:80: TimeoutException\n\nDuring handling of the above exception, another exception occurred:\n\ndriver = <selenium.webdriver.firefox.webdriver.WebDriver (session=\"b50d70a0-a857-49e8-838e-11a2a6e978f5\")>\n\n    @allure.title('Basic order')\n    def test_case1(driver):\n        with allure.step('Open homepage and setup address'):\n            driver.get('https://www.thuisbezorgd.nl/en/')\n            home_page = HomePage(driver)\n            home_page.address_field.click()\n            home_page.address_field.clear_text()\n            home_page.address_field.send_keys('8888')\n            home_page.wait_until_present(home_page.post_code)\n            home_page.post_code.click()\n            home_page.wait_until_present(home_page.post_code_alpha)\n            home_page.post_code_alpha.click()\n            home_page.wait_until_url(\n                \"https://www.thuisbezorgd.nl/en/order-takeaway-8888-alpha?search\")\n    \n        with allure.step('Choose a restaurant'):\n            restr_page = RestaurantsPage(driver)\n            restr_page.wait_until_text_in_element((By.XPATH, \"//*[@class='topbar__title-container']/button\"),'8888-alpha')\n            assert restr_page.top_bar_post_code.text == '8888-alpha'\n            restr_page.search_restaurants_field.set_text('TEST Restaurant Selenium')\n            restr_page.wait_until_present(restr_page.first_restaurant)\n            restr_page.first_restaurant.click()\n        with allure.step('Choose a dish from the menu'):\n            menu_page = MenuPage(driver)\n            menu_page.first_menu_option.click()\n            try:\n                if menu_page.side_dish.is_displayed():\n                    menu_page.add_value.is_displayed()\n                    menu_page.add_value.click()\n            except:\n                pass\n            menu_page.order_button.click()\n        with allure.step('Make a checkout'):\n            checkout_page = CheckoutPage(driver)\n>           checkout_page.wait_until_present(checkout_page.address)\n\ntests/test_case1.py:47: \n_ _ _ _ _ _ _ _ _ _ _ _ _ _ _ _ _ _ _ _ _ _ _ _ _ _ _ _ _ _ _ _ _ _ _ _ _ _ _ _ \n\nself = <framework.ui.checkout_page.CheckoutPage object at 0x7fecd5f68400>\nloc = 'address'\n\n    def __getattr__(self, loc):\n    \n        if loc in self.locators.keys():\n            self.locators[loc] = list(self.locators[loc])\n            self.locators[loc][0] = self.TYPE_OF_LOCATORS[self.locators[loc][0].lower()]\n            self.locators[loc] = tuple(self.locators[loc])\n            try:\n                element = WebDriverWait(self.driver, self.timeout).until(\n                    EC.presence_of_element_located(self.locators[loc])\n                )\n            except (StaleElementReferenceException, NoSuchElementException, TimeoutException) as e:\n>               raise Exception(\"An exception of type \" + type(e).__name__ + \" occurred. With Element -: \" + loc)\nE               Exception: An exception of type TimeoutException occurred. With Element -: address\n\n/opt/hostedtoolcache/Python/3.6.12/x64/lib/python3.6/site-packages/seleniumpagefactory/Pagefactory.py:45: Exception",
    "steps" : [ {
      "name" : "Open homepage and setup address",
      "time" : {
        "start" : 1599231676948,
        "stop" : 1599231681373,
        "duration" : 4425
      },
      "status" : "passed",
      "steps" : [ ],
      "attachments" : [ ],
      "parameters" : [ ],
      "stepsCount" : 0,
      "attachmentsCount" : 0,
      "shouldDisplayMessage" : false,
      "hasContent" : false
    }, {
      "name" : "Choose a restaurant",
      "time" : {
        "start" : 1599231681373,
        "stop" : 1599231684094,
        "duration" : 2721
      },
      "status" : "passed",
      "steps" : [ ],
      "attachments" : [ ],
      "parameters" : [ ],
      "stepsCount" : 0,
      "attachmentsCount" : 0,
      "shouldDisplayMessage" : false,
      "hasContent" : false
    }, {
      "name" : "Choose a dish from the menu",
      "time" : {
        "start" : 1599231684094,
        "stop" : 1599231694915,
        "duration" : 10821
      },
      "status" : "passed",
      "steps" : [ ],
      "attachments" : [ ],
      "parameters" : [ ],
      "stepsCount" : 0,
      "attachmentsCount" : 0,
      "shouldDisplayMessage" : false,
      "hasContent" : false
    }, {
      "name" : "Make a checkout",
      "time" : {
        "start" : 1599231694915,
        "stop" : 1599231705009,
        "duration" : 10094
      },
      "status" : "broken",
      "statusMessage" : "Exception: An exception of type TimeoutException occurred. With Element -: address\n",
      "statusTrace" : "  File \"/home/vsts/work/1/s/tests/test_case1.py\", line 47, in test_case1\n    checkout_page.wait_until_present(checkout_page.address)\n  File \"/opt/hostedtoolcache/Python/3.6.12/x64/lib/python3.6/site-packages/seleniumpagefactory/Pagefactory.py\", line 45, in __getattr__\n    raise Exception(\"An exception of type \" + type(e).__name__ + \" occurred. With Element -: \" + loc)\n",
      "steps" : [ ],
      "attachments" : [ ],
      "parameters" : [ ],
      "stepsCount" : 0,
      "attachmentsCount" : 0,
      "shouldDisplayMessage" : true,
      "hasContent" : true
    } ],
    "attachments" : [ {
      "uid" : "524123f2b9f0bd16",
      "name" : "log",
      "source" : "524123f2b9f0bd16.txt",
      "type" : "text/plain",
      "size" : 427
    }, {
      "uid" : "68b61af57d79f1ef",
      "name" : "stderr",
      "source" : "68b61af57d79f1ef.txt",
      "type" : "text/plain",
      "size" : 356
    } ],
    "parameters" : [ ],
    "stepsCount" : 4,
    "attachmentsCount" : 2,
    "shouldDisplayMessage" : true,
    "hasContent" : true
  },
  "afterStages" : [ {
    "name" : "driver::1",
    "time" : {
      "start" : 1599231705093,
      "stop" : 1599231705093,
      "duration" : 0
    },
    "status" : "passed",
    "steps" : [ ],
    "attachments" : [ ],
    "parameters" : [ ],
    "stepsCount" : 0,
    "attachmentsCount" : 0,
    "shouldDisplayMessage" : false,
    "hasContent" : false
  }, {
    "name" : "driver::tear_down",
    "time" : {
      "start" : 1599231705093,
      "stop" : 1599231705647,
      "duration" : 554
    },
    "status" : "passed",
    "steps" : [ ],
    "attachments" : [ ],
    "parameters" : [ ],
    "stepsCount" : 0,
    "attachmentsCount" : 0,
    "shouldDisplayMessage" : false,
    "hasContent" : false
  } ],
  "labels" : [ {
    "name" : "parentSuite",
    "value" : "tests"
  }, {
    "name" : "suite",
    "value" : "test_case1"
  }, {
    "name" : "host",
    "value" : "fv-az563"
  }, {
    "name" : "thread",
    "value" : "9827-MainThread"
  }, {
    "name" : "framework",
    "value" : "pytest"
  }, {
    "name" : "language",
    "value" : "cpython3"
  }, {
    "name" : "package",
    "value" : "tests.test_case1"
  }, {
    "name" : "resultFormat",
    "value" : "allure2"
  } ],
  "parameters" : [ ],
  "links" : [ ],
  "hidden" : false,
  "retry" : false,
  "extra" : {
    "severity" : "normal",
    "retries" : [ ],
    "categories" : [ {
      "name" : "Test defects",
      "matchedStatuses" : [ ],
      "flaky" : false
    } ],
    "tags" : [ ]
  },
  "source" : "7236baed71d631d6.json",
  "parameterValues" : [ ]
}