{
  "uid" : "e8a94d4914c213e3",
  "name" : "Basic order",
  "fullName" : "tests.test_case1#test_case1",
  "historyId" : "01ccce76c65e8c115f693828e808eb28",
  "time" : {
    "start" : 1599147338032,
    "stop" : 1599147358752,
    "duration" : 20720
  },
  "status" : "broken",
  "statusMessage" : "Exception: An exception of type TimeoutException occurred. With Element -: address",
  "statusTrace" : "self = <framework.ui.checkout_page.CheckoutPage object at 0x102a7a460>, loc = 'address'\n\n    def __getattr__(self, loc):\n    \n        if loc in self.locators.keys():\n            self.locators[loc] = list(self.locators[loc])\n            self.locators[loc][0] = self.TYPE_OF_LOCATORS[self.locators[loc][0].lower()]\n            self.locators[loc] = tuple(self.locators[loc])\n            try:\n>               element = WebDriverWait(self.driver, self.timeout).until(\n                    EC.presence_of_element_located(self.locators[loc])\n                )\n\nvenv/lib/python3.8/site-packages/seleniumpagefactory/Pagefactory.py:41: \n_ _ _ _ _ _ _ _ _ _ _ _ _ _ _ _ _ _ _ _ _ _ _ _ _ _ _ _ _ _ _ _ _ _ _ _ _ _ _ _ _ _ _ _ _ _ _ _ _ _ _ _ _ _ _ _ _ _ _ _ _ _ _ _ _ _ _ _ _ _ _ _ _ _ _ _ _ _ _ _ _ _ _ _ _ _ _ _ _ _ _ _ _ _ _ _ _ _ _ _ _ _ _ _ _ _ _ _ _ _ _ _ _ _ _ _ \n\nself = <selenium.webdriver.support.wait.WebDriverWait (session=\"6baabe65-463b-684a-a354-f5e3b8dbfa5b\")>, method = <selenium.webdriver.support.expected_conditions.presence_of_element_located object at 0x102a7a2b0>, message = ''\n\n    def until(self, method, message=''):\n        \"\"\"Calls the method provided with the driver as an argument until the \\\n        return value is not False.\"\"\"\n        screen = None\n        stacktrace = None\n    \n        end_time = time.time() + self._timeout\n        while True:\n            try:\n                value = method(self._driver)\n                if value:\n                    return value\n            except self._ignored_exceptions as exc:\n                screen = getattr(exc, 'screen', None)\n                stacktrace = getattr(exc, 'stacktrace', None)\n            time.sleep(self._poll)\n            if time.time() > end_time:\n                break\n>       raise TimeoutException(message, screen, stacktrace)\nE       selenium.common.exceptions.TimeoutException: Message:\n\nvenv/lib/python3.8/site-packages/selenium/webdriver/support/wait.py:80: TimeoutException\n\nDuring handling of the above exception, another exception occurred:\n\ndriver = <selenium.webdriver.firefox.webdriver.WebDriver (session=\"6baabe65-463b-684a-a354-f5e3b8dbfa5b\")>\n\n    @allure.title('Basic order')\n    def test_case1(driver):\n        with allure.step('Open homepage and setup address'):\n            driver.get('https://www.thuisbezorgd.nl/en/')\n            home_page = HomePage(driver)\n            home_page.address_field.click()\n            home_page.address_field.clear_text()\n            home_page.address_field.send_keys('8888')\n            time.sleep(3)\n            driver.find_element_by_xpath('//a[@data-name=\"8888\"]').click()\n            time.sleep(3)\n            driver.get_screenshot_as_file(\"screenshot.png\")\n            driver.find_element_by_xpath(\n                \"//a[contains(@data-href,'8888-alpha')]\").click()\n            driver.get_screenshot_as_file(\"screenshot1.png\")\n            home_page.wait_until_url(\n                \"https://www.thuisbezorgd.nl/en/order-takeaway-8888-alpha?search\")\n    \n        with allure.step('Choose a restaurant'):\n            restr_page = RestaurantsPage(driver)\n            restr_page.wait_until_text_in_element((By.XPATH, \"//*[@class='topbar__title-container']/button\"),'8888-alpha')\n            assert restr_page.top_bar_post_code.text == '8888-alpha'\n            restr_page.search_restaurants_field.set_text('Shabu Shabu Test')\n            restr_page.wait_until_present(restr_page.first_restaurant)\n            restr_page.first_restaurant.click()\n        with allure.step('Choose a dish from the menu'):\n            menu_page = MenuPage(driver)\n            menu_page.first_menu_option.click()\n            menu_page.order_button.click()\n        with allure.step('Make a chekout'):\n            checkout_page = CheckoutPage(driver)\n>           checkout_page.address.set_text('main street 2415')\n\ntests/test_case1.py:47: \n_ _ _ _ _ _ _ _ _ _ _ _ _ _ _ _ _ _ _ _ _ _ _ _ _ _ _ _ _ _ _ _ _ _ _ _ _ _ _ _ _ _ _ _ _ _ _ _ _ _ _ _ _ _ _ _ _ _ _ _ _ _ _ _ _ _ _ _ _ _ _ _ _ _ _ _ _ _ _ _ _ _ _ _ _ _ _ _ _ _ _ _ _ _ _ _ _ _ _ _ _ _ _ _ _ _ _ _ _ _ _ _ _ _ _ _ \n\nself = <framework.ui.checkout_page.CheckoutPage object at 0x102a7a460>, loc = 'address'\n\n    def __getattr__(self, loc):\n    \n        if loc in self.locators.keys():\n            self.locators[loc] = list(self.locators[loc])\n            self.locators[loc][0] = self.TYPE_OF_LOCATORS[self.locators[loc][0].lower()]\n            self.locators[loc] = tuple(self.locators[loc])\n            try:\n                element = WebDriverWait(self.driver, self.timeout).until(\n                    EC.presence_of_element_located(self.locators[loc])\n                )\n            except (StaleElementReferenceException, NoSuchElementException, TimeoutException) as e:\n>               raise Exception(\"An exception of type \" + type(e).__name__ + \" occurred. With Element -: \" + loc)\nE               Exception: An exception of type TimeoutException occurred. With Element -: address\n\nvenv/lib/python3.8/site-packages/seleniumpagefactory/Pagefactory.py:45: Exception",
  "flaky" : false,
  "newFailed" : false,
  "beforeStages" : [ {
    "name" : "driver",
    "time" : {
      "start" : 1599147334928,
      "stop" : 1599147338030,
      "duration" : 3102
    },
    "status" : "passed",
    "steps" : [ ],
    "attachments" : [ ],
    "parameters" : [ ],
    "stepsCount" : 0,
    "attachmentsCount" : 0,
    "shouldDisplayMessage" : false,
    "hasContent" : false
  } ],
  "testStage" : {
    "status" : "broken",
    "statusMessage" : "Exception: An exception of type TimeoutException occurred. With Element -: address",
    "statusTrace" : "self = <framework.ui.checkout_page.CheckoutPage object at 0x102a7a460>, loc = 'address'\n\n    def __getattr__(self, loc):\n    \n        if loc in self.locators.keys():\n            self.locators[loc] = list(self.locators[loc])\n            self.locators[loc][0] = self.TYPE_OF_LOCATORS[self.locators[loc][0].lower()]\n            self.locators[loc] = tuple(self.locators[loc])\n            try:\n>               element = WebDriverWait(self.driver, self.timeout).until(\n                    EC.presence_of_element_located(self.locators[loc])\n                )\n\nvenv/lib/python3.8/site-packages/seleniumpagefactory/Pagefactory.py:41: \n_ _ _ _ _ _ _ _ _ _ _ _ _ _ _ _ _ _ _ _ _ _ _ _ _ _ _ _ _ _ _ _ _ _ _ _ _ _ _ _ _ _ _ _ _ _ _ _ _ _ _ _ _ _ _ _ _ _ _ _ _ _ _ _ _ _ _ _ _ _ _ _ _ _ _ _ _ _ _ _ _ _ _ _ _ _ _ _ _ _ _ _ _ _ _ _ _ _ _ _ _ _ _ _ _ _ _ _ _ _ _ _ _ _ _ _ \n\nself = <selenium.webdriver.support.wait.WebDriverWait (session=\"6baabe65-463b-684a-a354-f5e3b8dbfa5b\")>, method = <selenium.webdriver.support.expected_conditions.presence_of_element_located object at 0x102a7a2b0>, message = ''\n\n    def until(self, method, message=''):\n        \"\"\"Calls the method provided with the driver as an argument until the \\\n        return value is not False.\"\"\"\n        screen = None\n        stacktrace = None\n    \n        end_time = time.time() + self._timeout\n        while True:\n            try:\n                value = method(self._driver)\n                if value:\n                    return value\n            except self._ignored_exceptions as exc:\n                screen = getattr(exc, 'screen', None)\n                stacktrace = getattr(exc, 'stacktrace', None)\n            time.sleep(self._poll)\n            if time.time() > end_time:\n                break\n>       raise TimeoutException(message, screen, stacktrace)\nE       selenium.common.exceptions.TimeoutException: Message:\n\nvenv/lib/python3.8/site-packages/selenium/webdriver/support/wait.py:80: TimeoutException\n\nDuring handling of the above exception, another exception occurred:\n\ndriver = <selenium.webdriver.firefox.webdriver.WebDriver (session=\"6baabe65-463b-684a-a354-f5e3b8dbfa5b\")>\n\n    @allure.title('Basic order')\n    def test_case1(driver):\n        with allure.step('Open homepage and setup address'):\n            driver.get('https://www.thuisbezorgd.nl/en/')\n            home_page = HomePage(driver)\n            home_page.address_field.click()\n            home_page.address_field.clear_text()\n            home_page.address_field.send_keys('8888')\n            time.sleep(3)\n            driver.find_element_by_xpath('//a[@data-name=\"8888\"]').click()\n            time.sleep(3)\n            driver.get_screenshot_as_file(\"screenshot.png\")\n            driver.find_element_by_xpath(\n                \"//a[contains(@data-href,'8888-alpha')]\").click()\n            driver.get_screenshot_as_file(\"screenshot1.png\")\n            home_page.wait_until_url(\n                \"https://www.thuisbezorgd.nl/en/order-takeaway-8888-alpha?search\")\n    \n        with allure.step('Choose a restaurant'):\n            restr_page = RestaurantsPage(driver)\n            restr_page.wait_until_text_in_element((By.XPATH, \"//*[@class='topbar__title-container']/button\"),'8888-alpha')\n            assert restr_page.top_bar_post_code.text == '8888-alpha'\n            restr_page.search_restaurants_field.set_text('Shabu Shabu Test')\n            restr_page.wait_until_present(restr_page.first_restaurant)\n            restr_page.first_restaurant.click()\n        with allure.step('Choose a dish from the menu'):\n            menu_page = MenuPage(driver)\n            menu_page.first_menu_option.click()\n            menu_page.order_button.click()\n        with allure.step('Make a chekout'):\n            checkout_page = CheckoutPage(driver)\n>           checkout_page.address.set_text('main street 2415')\n\ntests/test_case1.py:47: \n_ _ _ _ _ _ _ _ _ _ _ _ _ _ _ _ _ _ _ _ _ _ _ _ _ _ _ _ _ _ _ _ _ _ _ _ _ _ _ _ _ _ _ _ _ _ _ _ _ _ _ _ _ _ _ _ _ _ _ _ _ _ _ _ _ _ _ _ _ _ _ _ _ _ _ _ _ _ _ _ _ _ _ _ _ _ _ _ _ _ _ _ _ _ _ _ _ _ _ _ _ _ _ _ _ _ _ _ _ _ _ _ _ _ _ _ \n\nself = <framework.ui.checkout_page.CheckoutPage object at 0x102a7a460>, loc = 'address'\n\n    def __getattr__(self, loc):\n    \n        if loc in self.locators.keys():\n            self.locators[loc] = list(self.locators[loc])\n            self.locators[loc][0] = self.TYPE_OF_LOCATORS[self.locators[loc][0].lower()]\n            self.locators[loc] = tuple(self.locators[loc])\n            try:\n                element = WebDriverWait(self.driver, self.timeout).until(\n                    EC.presence_of_element_located(self.locators[loc])\n                )\n            except (StaleElementReferenceException, NoSuchElementException, TimeoutException) as e:\n>               raise Exception(\"An exception of type \" + type(e).__name__ + \" occurred. With Element -: \" + loc)\nE               Exception: An exception of type TimeoutException occurred. With Element -: address\n\nvenv/lib/python3.8/site-packages/seleniumpagefactory/Pagefactory.py:45: Exception",
    "steps" : [ {
      "name" : "Open homepage and setup address",
      "time" : {
        "start" : 1599147338033,
        "stop" : 1599147346513,
        "duration" : 8480
      },
      "status" : "passed",
      "steps" : [ ],
      "attachments" : [ ],
      "parameters" : [ ],
      "stepsCount" : 0,
      "attachmentsCount" : 0,
      "shouldDisplayMessage" : false,
      "hasContent" : false
    }, {
      "name" : "Choose a restaurant",
      "time" : {
        "start" : 1599147346513,
        "stop" : 1599147348047,
        "duration" : 1534
      },
      "status" : "passed",
      "steps" : [ ],
      "attachments" : [ ],
      "parameters" : [ ],
      "stepsCount" : 0,
      "attachmentsCount" : 0,
      "shouldDisplayMessage" : false,
      "hasContent" : false
    }, {
      "name" : "Choose a dish from the menu",
      "time" : {
        "start" : 1599147348047,
        "stop" : 1599147348590,
        "duration" : 543
      },
      "status" : "passed",
      "steps" : [ ],
      "attachments" : [ ],
      "parameters" : [ ],
      "stepsCount" : 0,
      "attachmentsCount" : 0,
      "shouldDisplayMessage" : false,
      "hasContent" : false
    }, {
      "name" : "Make a chekout",
      "time" : {
        "start" : 1599147348590,
        "stop" : 1599147358750,
        "duration" : 10160
      },
      "status" : "broken",
      "statusMessage" : "Exception: An exception of type TimeoutException occurred. With Element -: address\n",
      "statusTrace" : "  File \"/Users/aigulgabi/PycharmProjects/takeAwayAssignment/tests/test_case1.py\", line 47, in test_case1\n    checkout_page.address.set_text('main street 2415')\n  File \"/Users/aigulgabi/PycharmProjects/takeAwayAssignment/venv/lib/python3.8/site-packages/seleniumpagefactory/Pagefactory.py\", line 45, in __getattr__\n    raise Exception(\"An exception of type \" + type(e).__name__ + \" occurred. With Element -: \" + loc)\n",
      "steps" : [ ],
      "attachments" : [ ],
      "parameters" : [ ],
      "stepsCount" : 0,
      "attachmentsCount" : 0,
      "shouldDisplayMessage" : true,
      "hasContent" : true
    } ],
    "attachments" : [ {
      "uid" : "421116047b81cc1c",
      "name" : "stdout",
      "source" : "421116047b81cc1c.txt",
      "type" : "text/plain",
      "size" : 156
    } ],
    "parameters" : [ ],
    "stepsCount" : 4,
    "attachmentsCount" : 1,
    "shouldDisplayMessage" : true,
    "hasContent" : true
  },
  "afterStages" : [ {
    "name" : "driver::1",
    "time" : {
      "start" : 1599147358848,
      "stop" : 1599147358848,
      "duration" : 0
    },
    "status" : "passed",
    "steps" : [ ],
    "attachments" : [ ],
    "parameters" : [ ],
    "stepsCount" : 0,
    "attachmentsCount" : 0,
    "shouldDisplayMessage" : false,
    "hasContent" : false
  }, {
    "name" : "driver::tear_down",
    "time" : {
      "start" : 1599147358848,
      "stop" : 1599147359224,
      "duration" : 376
    },
    "status" : "passed",
    "steps" : [ ],
    "attachments" : [ ],
    "parameters" : [ ],
    "stepsCount" : 0,
    "attachmentsCount" : 0,
    "shouldDisplayMessage" : false,
    "hasContent" : false
  } ],
  "labels" : [ {
    "name" : "parentSuite",
    "value" : "tests"
  }, {
    "name" : "suite",
    "value" : "test_case1"
  }, {
    "name" : "host",
    "value" : "MacBook-Pro-AigulGabi.local"
  }, {
    "name" : "thread",
    "value" : "78748-MainThread"
  }, {
    "name" : "framework",
    "value" : "pytest"
  }, {
    "name" : "language",
    "value" : "cpython3"
  }, {
    "name" : "package",
    "value" : "tests.test_case1"
  }, {
    "name" : "resultFormat",
    "value" : "allure2"
  } ],
  "parameters" : [ ],
  "links" : [ ],
  "hidden" : true,
  "retry" : true,
  "extra" : {
    "categories" : [ ],
    "tags" : [ ]
  },
  "source" : "e8a94d4914c213e3.json",
  "parameterValues" : [ ]
}